<?xml version="1.0" encoding="UTF-8"?>
<!-- Generated by org.testng.reporters.JUnitReportReporter -->
<testsuite ignored="0" hostname="DESKTOP-DEALO08" failures="0" tests="1" name="PageObjectModel.Test.AppTest" time="0.002" errors="0" timestamp="10 Jan 2020 02:47:19 GMT" skipped="0">
  <testcase classname="PageObjectModel.Test.AppTest" name="testApp" time="0.002"/>
</testsuite> <!-- PageObjectModel.Test.AppTest -->
