<?xml version="1.0" encoding="UTF-8"?>
<!-- Generated by org.testng.reporters.JUnitReportReporter -->
<testsuite hostname="DESKTOP-DEALO08" failures="0" tests="1" name="TC.LoginTC" time="19.164" errors="0" timestamp="2020-01-10T09:48:16 ICT" skipped="0">
  <testcase classname="TC.LoginTC" name="validUsernameAndPassword" time="19.164"/>
</testsuite> <!-- TC.LoginTC -->
